<?xml version="1.0" encoding="UTF-8"?>
<testsuite xmlns:xsi="http://www.w3.org/2001/XMLSchema-instance" xsi:noNamespaceSchemaLocation="https://maven.apache.org/surefire/maven-surefire-plugin/xsd/surefire-test-report.xsd" name="com.itheima.service.UserServiceTest" time="1.866" tests="6" errors="0" skipped="0" failures="0">
  <properties>
    <property name="sun.desktop" value="windows"/>
    <property name="awt.toolkit" value="sun.awt.windows.WToolkit"/>
    <property name="file.encoding.pkg" value="sun.io"/>
    <property name="java.specification.version" value="1.8"/>
    <property name="sun.cpu.isalist" value="amd64"/>
    <property name="sun.jnu.encoding" value="GBK"/>
    <property name="java.class.path" value="D:\workspace\ssm_service\target\test-classes;D:\workspace\ssm_service\target\classes;D:\workspace\ssm_dao\target\ssm_dao-1.0-SNAPSHOT.jar;D:\workspace\ssm_pojo\target\ssm_pojo-1.0-SNAPSHOT.jar;D:\maven\repository\org\mybatis\mybatis\3.5.3\mybatis-3.5.3.jar;D:\maven\repository\mysql\mysql-connector-java\5.1.47\mysql-connector-java-5.1.47.jar;D:\maven\repository\org\springframework\spring-jdbc\5.1.9.RELEASE\spring-jdbc-5.1.9.RELEASE.jar;D:\maven\repository\org\springframework\spring-tx\5.1.9.RELEASE\spring-tx-5.1.9.RELEASE.jar;D:\maven\repository\org\mybatis\mybatis-spring\2.0.3\mybatis-spring-2.0.3.jar;D:\maven\repository\com\alibaba\druid\1.1.16\druid-1.1.16.jar;D:\maven\repository\com\github\pagehelper\pagehelper\5.1.2\pagehelper-5.1.2.jar;D:\maven\repository\com\github\jsqlparser\jsqlparser\1.0\jsqlparser-1.0.jar;D:\maven\repository\org\springframework\spring-context\5.1.9.RELEASE\spring-context-5.1.9.RELEASE.jar;D:\maven\repository\org\springframework\spring-aop\5.1.9.RELEASE\spring-aop-5.1.9.RELEASE.jar;D:\maven\repository\org\springframework\spring-beans\5.1.9.RELEASE\spring-beans-5.1.9.RELEASE.jar;D:\maven\repository\org\springframework\spring-core\5.1.9.RELEASE\spring-core-5.1.9.RELEASE.jar;D:\maven\repository\org\springframework\spring-jcl\5.1.9.RELEASE\spring-jcl-5.1.9.RELEASE.jar;D:\maven\repository\org\springframework\spring-expression\5.1.9.RELEASE\spring-expression-5.1.9.RELEASE.jar;D:\maven\repository\junit\junit\4.12\junit-4.12.jar;D:\maven\repository\org\hamcrest\hamcrest-core\1.3\hamcrest-core-1.3.jar;D:\maven\repository\org\springframework\spring-test\5.1.9.RELEASE\spring-test-5.1.9.RELEASE.jar;"/>
    <property name="java.vm.vendor" value="Oracle Corporation"/>
    <property name="sun.arch.data.model" value="64"/>
    <property name="user.variant" value=""/>
    <property name="java.vendor.url" value="http://java.oracle.com/"/>
    <property name="user.timezone" value="Asia/Shanghai"/>
    <property name="java.vm.specification.version" value="1.8"/>
    <property name="os.name" value="Windows 10"/>
    <property name="user.country" value="CN"/>
    <property name="sun.java.launcher" value="SUN_STANDARD"/>
    <property name="sun.boot.library.path" value="D:\soft\jdk1.8.0_212\jre\bin"/>
    <property name="sun.java.command" value="C:\Windows\TEMP\surefire6159688311736101752\surefirebooter2687991519819877701.jar C:\Windows\Temp\surefire6159688311736101752 2020-02-28T15-34-56_962-jvmRun1 surefire3215920797167802763tmp surefire_06167352012515797693tmp"/>
    <property name="surefire.test.class.path" value="D:\workspace\ssm_service\target\test-classes;D:\workspace\ssm_service\target\classes;D:\workspace\ssm_dao\target\ssm_dao-1.0-SNAPSHOT.jar;D:\workspace\ssm_pojo\target\ssm_pojo-1.0-SNAPSHOT.jar;D:\maven\repository\org\mybatis\mybatis\3.5.3\mybatis-3.5.3.jar;D:\maven\repository\mysql\mysql-connector-java\5.1.47\mysql-connector-java-5.1.47.jar;D:\maven\repository\org\springframework\spring-jdbc\5.1.9.RELEASE\spring-jdbc-5.1.9.RELEASE.jar;D:\maven\repository\org\springframework\spring-tx\5.1.9.RELEASE\spring-tx-5.1.9.RELEASE.jar;D:\maven\repository\org\mybatis\mybatis-spring\2.0.3\mybatis-spring-2.0.3.jar;D:\maven\repository\com\alibaba\druid\1.1.16\druid-1.1.16.jar;D:\maven\repository\com\github\pagehelper\pagehelper\5.1.2\pagehelper-5.1.2.jar;D:\maven\repository\com\github\jsqlparser\jsqlparser\1.0\jsqlparser-1.0.jar;D:\maven\repository\org\springframework\spring-context\5.1.9.RELEASE\spring-context-5.1.9.RELEASE.jar;D:\maven\repository\org\springframework\spring-aop\5.1.9.RELEASE\spring-aop-5.1.9.RELEASE.jar;D:\maven\repository\org\springframework\spring-beans\5.1.9.RELEASE\spring-beans-5.1.9.RELEASE.jar;D:\maven\repository\org\springframework\spring-core\5.1.9.RELEASE\spring-core-5.1.9.RELEASE.jar;D:\maven\repository\org\springframework\spring-jcl\5.1.9.RELEASE\spring-jcl-5.1.9.RELEASE.jar;D:\maven\repository\org\springframework\spring-expression\5.1.9.RELEASE\spring-expression-5.1.9.RELEASE.jar;D:\maven\repository\junit\junit\4.12\junit-4.12.jar;D:\maven\repository\org\hamcrest\hamcrest-core\1.3\hamcrest-core-1.3.jar;D:\maven\repository\org\springframework\spring-test\5.1.9.RELEASE\spring-test-5.1.9.RELEASE.jar;"/>
    <property name="sun.cpu.endian" value="little"/>
    <property name="user.home" value="C:\Users\itcast"/>
    <property name="user.language" value="zh"/>
    <property name="java.specification.vendor" value="Oracle Corporation"/>
    <property name="java.home" value="D:\soft\jdk1.8.0_212\jre"/>
    <property name="basedir" value="D:\workspace\ssm_service"/>
    <property name="file.separator" value="\"/>
    <property name="line.separator" value="&#10;"/>
    <property name="java.vm.specification.vendor" value="Oracle Corporation"/>
    <property name="java.specification.name" value="Java Platform API Specification"/>
    <property name="java.awt.graphicsenv" value="sun.awt.Win32GraphicsEnvironment"/>
    <property name="surefire.real.class.path" value="C:\Windows\TEMP\surefire6159688311736101752\surefirebooter2687991519819877701.jar"/>
    <property name="sun.boot.class.path" value="D:\soft\jdk1.8.0_212\jre\lib\resources.jar;D:\soft\jdk1.8.0_212\jre\lib\rt.jar;D:\soft\jdk1.8.0_212\jre\lib\sunrsasign.jar;D:\soft\jdk1.8.0_212\jre\lib\jsse.jar;D:\soft\jdk1.8.0_212\jre\lib\jce.jar;D:\soft\jdk1.8.0_212\jre\lib\charsets.jar;D:\soft\jdk1.8.0_212\jre\lib\jfr.jar;D:\soft\jdk1.8.0_212\jre\classes"/>
    <property name="user.script" value=""/>
    <property name="sun.management.compiler" value="HotSpot 64-Bit Tiered Compilers"/>
    <property name="java.runtime.version" value="1.8.0_212-b10"/>
    <property name="user.name" value="itcast"/>
    <property name="path.separator" value=";"/>
    <property name="os.version" value="10.0"/>
    <property name="java.endorsed.dirs" value="D:\soft\jdk1.8.0_212\jre\lib\endorsed"/>
    <property name="java.runtime.name" value="Java(TM) SE Runtime Environment"/>
    <property name="file.encoding" value="GBK"/>
    <property name="java.vm.name" value="Java HotSpot(TM) 64-Bit Server VM"/>
    <property name="localRepository" value="D:\maven\repository"/>
    <property name="java.vendor.url.bug" value="http://bugreport.sun.com/bugreport/"/>
    <property name="java.io.tmpdir" value="C:\Windows\TEMP\"/>
    <property name="java.version" value="1.8.0_212"/>
    <property name="user.dir" value="D:\workspace\ssm_service"/>
    <property name="os.arch" value="amd64"/>
    <property name="java.vm.specification.name" value="Java Virtual Machine Specification"/>
    <property name="java.awt.printerjob" value="sun.awt.windows.WPrinterJob"/>
    <property name="idea.version2019.3.1" value="true"/>
    <property name="sun.os.patch.level" value=""/>
    <property name="java.library.path" value="D:\soft\jdk1.8.0_212\jre\bin;C:\Windows\Sun\Java\bin;C:\Windows\system32;C:\Windows;D:\soft\apache-maven-3.6.1\bin;D:\soft\jdk1.8.0_212\bin;C:\Windows\system32;C:\Windows;C:\Windows\System32\Wbem;C:\Windows\System32\WindowsPowerShell\v1.0\;C:\Windows\System32\OpenSSH\;D:\soft\MySQL Server 5.5\bin;;."/>
    <property name="java.vm.info" value="mixed mode"/>
    <property name="java.vendor" value="Oracle Corporation"/>
    <property name="java.vm.version" value="25.212-b10"/>
    <property name="java.ext.dirs" value="D:\soft\jdk1.8.0_212\jre\lib\ext;C:\Windows\Sun\Java\lib\ext"/>
    <property name="sun.io.unicode.encoding" value="UnicodeLittle"/>
    <property name="java.class.version" value="52.0"/>
  </properties>
  <testcase name="testGet" classname="com.itheima.service.UserServiceTest" time="0.45"/>
  <testcase name="testLogin" classname="com.itheima.service.UserServiceTest" time="0.005"/>
  <testcase name="testSave" classname="com.itheima.service.UserServiceTest" time="0.007"/>
  <testcase name="testDelete" classname="com.itheima.service.UserServiceTest" time="0.003"/>
  <testcase name="testGetAll" classname="com.itheima.service.UserServiceTest" time="0.054"/>
  <testcase name="testUpdate" classname="com.itheima.service.UserServiceTest" time="0.004"/>
</testsuite>